2025-02-13 11:17:34 - Java version: 22.0.1
2025-02-13 11:17:34 - Eclipse Milo OPC UA Stack version: 0.6.15
2025-02-13 11:17:34 - Eclipse Milo OPC UA Client SDK version: 0.6.15
2025-02-13 11:17:35 - SecureRandom seeded in 0ms.
2025-02-13 11:17:36 - Starting Main using Java 22.0.1 with PID 7136 (C:\Users\Livvey\re-exam\target\classes started by Livvey in C:\Users\Livvey\re-exam)
2025-02-13 11:17:36 - No active profile set, falling back to 1 default profile: "default"
2025-02-13 11:17:37 - Tomcat initialized with port 8080 (http)
2025-02-13 11:17:37 - Initializing ProtocolHandler ["http-nio-8080"]
2025-02-13 11:17:37 - Starting service [Tomcat]
2025-02-13 11:17:37 - Starting Servlet engine: [Apache Tomcat/10.1.31]
2025-02-13 11:17:37 - Initializing Spring embedded WebApplicationContext
2025-02-13 11:17:37 - Root WebApplicationContext: initialization completed in 889 ms
2025-02-13 11:17:37 - Starting ProtocolHandler ["http-nio-8080"]
2025-02-13 11:17:37 - Tomcat started on port 8080 (http) with context path '/'
2025-02-13 11:17:37 - Started Main in 1.658 seconds (process running for 4.936)
2025-02-13 11:18:11 - Initializing Spring DispatcherServlet 'dispatcherServlet'
2025-02-13 11:18:11 - Initializing Servlet 'dispatcherServlet'
2025-02-13 11:18:11 - Completed initialization in 1 ms
2025-02-13 11:18:11 - Starting with parameter: batchId=158 productType=1 quantity=15 speed=200
2025-02-13 11:18:11 - Machine is not in idle. Resetting...
2025-02-13 11:19:03 - Resolved [org.springframework.web.context.request.async.AsyncRequestNotUsableException: ServletOutputStream failed to flush: java.nio.channels.ClosedChannelException]
2025-02-13 12:04:47 - Java version: 22.0.1
2025-02-13 12:04:47 - Eclipse Milo OPC UA Stack version: 0.6.15
2025-02-13 12:04:47 - Eclipse Milo OPC UA Client SDK version: 0.6.15
2025-02-13 12:04:49 - SecureRandom seeded in 0ms.
2025-02-13 12:04:49 - Starting Main using Java 22.0.1 with PID 18700 (C:\Users\Livvey\re-exam\target\classes started by Livvey in C:\Users\Livvey\re-exam)
2025-02-13 12:04:49 - No active profile set, falling back to 1 default profile: "default"
2025-02-13 12:04:51 - Tomcat initialized with port 8080 (http)
2025-02-13 12:04:51 - Initializing ProtocolHandler ["http-nio-8080"]
2025-02-13 12:04:51 - Starting service [Tomcat]
2025-02-13 12:04:51 - Starting Servlet engine: [Apache Tomcat/10.1.31]
2025-02-13 12:04:51 - Initializing Spring embedded WebApplicationContext
2025-02-13 12:04:51 - Root WebApplicationContext: initialization completed in 1307 ms
2025-02-13 12:04:51 - Starting ProtocolHandler ["http-nio-8080"]
2025-02-13 12:04:51 - Tomcat started on port 8080 (http) with context path '/'
2025-02-13 12:04:51 - Started Main in 2.318 seconds (process running for 7.473)
2025-02-13 12:05:30 - Initializing Spring DispatcherServlet 'dispatcherServlet'
2025-02-13 12:05:30 - Initializing Servlet 'dispatcherServlet'
2025-02-13 12:05:30 - Completed initialization in 1 ms
2025-02-13 12:05:30 - Starting with parameter: batchId=159 productType=1 quantity=15 speed=200
2025-02-13 12:05:30 - Machine is not in idle. Resetting...
2025-02-13 12:06:33 - Machine is not in idle. Resetting...
2025-02-13 12:06:43 - Machine is not in idle. Resetting...
2025-02-13 12:25:20 - Java version: 22.0.1
2025-02-13 12:25:20 - Eclipse Milo OPC UA Stack version: 0.6.15
2025-02-13 12:25:20 - Eclipse Milo OPC UA Client SDK version: 0.6.15
2025-02-13 12:25:23 - SecureRandom seeded in 0ms.
2025-02-13 12:25:23 - Starting Main using Java 22.0.1 with PID 16984 (C:\Users\Livvey\re-exam\target\classes started by Livvey in C:\Users\Livvey\re-exam)
2025-02-13 12:25:23 - No active profile set, falling back to 1 default profile: "default"
2025-02-13 12:25:24 - Tomcat initialized with port 8080 (http)
2025-02-13 12:25:24 - Initializing ProtocolHandler ["http-nio-8080"]
2025-02-13 12:25:24 - Starting service [Tomcat]
2025-02-13 12:25:24 - Starting Servlet engine: [Apache Tomcat/10.1.31]
2025-02-13 12:25:25 - Initializing Spring embedded WebApplicationContext
2025-02-13 12:25:25 - Root WebApplicationContext: initialization completed in 1215 ms
2025-02-13 12:25:25 - Starting ProtocolHandler ["http-nio-8080"]
2025-02-13 12:25:25 - Tomcat started on port 8080 (http) with context path '/'
2025-02-13 12:25:25 - Started Main in 2.2 seconds (process running for 7.613)
2025-02-13 12:25:43 - Initializing Spring DispatcherServlet 'dispatcherServlet'
2025-02-13 12:25:43 - Initializing Servlet 'dispatcherServlet'
2025-02-13 12:25:43 - Completed initialization in 2 ms
2025-02-13 12:25:44 - Starting with parameter: batchId=160.0 productType=1.0 quantity=15.0 speed=200.0
2025-02-13 12:25:44 - Machine is not in idle. Resetting...
2025-02-13 12:26:10 - Machine is not in idle. Resetting...
2025-02-13 12:26:22 - Machine is not in idle. Resetting...
2025-02-13 12:27:48 - Resolved [org.springframework.web.context.request.async.AsyncRequestNotUsableException: ServletOutputStream failed to flush: java.nio.channels.ClosedChannelException]
2025-02-13 12:35:17 - Java version: 22.0.1
2025-02-13 12:35:17 - Eclipse Milo OPC UA Stack version: 0.6.15
2025-02-13 12:35:17 - Eclipse Milo OPC UA Client SDK version: 0.6.15
2025-02-13 12:35:19 - SecureRandom seeded in 0ms.
2025-02-13 12:35:19 - Starting Main using Java 22.0.1 with PID 6740 (C:\Users\Livvey\re-exam\target\classes started by Livvey in C:\Users\Livvey\re-exam)
2025-02-13 12:35:19 - No active profile set, falling back to 1 default profile: "default"
2025-02-13 12:35:20 - Tomcat initialized with port 8080 (http)
2025-02-13 12:35:20 - Initializing ProtocolHandler ["http-nio-8080"]
2025-02-13 12:35:20 - Starting service [Tomcat]
2025-02-13 12:35:20 - Starting Servlet engine: [Apache Tomcat/10.1.31]
2025-02-13 12:35:20 - Initializing Spring embedded WebApplicationContext
2025-02-13 12:35:20 - Root WebApplicationContext: initialization completed in 1155 ms
2025-02-13 12:35:21 - Starting ProtocolHandler ["http-nio-8080"]
2025-02-13 12:35:21 - Tomcat started on port 8080 (http) with context path '/'
2025-02-13 12:35:21 - Started Main in 2.057 seconds (process running for 6.496)
2025-02-13 12:35:30 - Initializing Spring DispatcherServlet 'dispatcherServlet'
2025-02-13 12:35:30 - Initializing Servlet 'dispatcherServlet'
2025-02-13 12:35:30 - Completed initialization in 1 ms
2025-02-13 12:35:30 - Starting with parameter: batchId=161 productType=1 quantity=15 speed=200
2025-02-13 12:35:30 - Machine is not in idle. Resetting...
2025-02-13 12:35:57 - Machine is not in idle. Resetting...
2025-02-13 12:36:07 - Machine is not in idle. Resetting...
2025-02-13 12:43:49 - Java version: 22.0.1
2025-02-13 12:43:49 - Eclipse Milo OPC UA Stack version: 0.6.15
2025-02-13 12:43:49 - Eclipse Milo OPC UA Client SDK version: 0.6.15
2025-02-13 12:43:51 - SecureRandom seeded in 2ms.
2025-02-13 12:43:52 - Starting Main using Java 22.0.1 with PID 18804 (C:\Users\Livvey\re-exam\target\classes started by Livvey in C:\Users\Livvey\re-exam)
2025-02-13 12:43:52 - No active profile set, falling back to 1 default profile: "default"
2025-02-13 12:43:53 - Tomcat initialized with port 8080 (http)
2025-02-13 12:43:53 - Initializing ProtocolHandler ["http-nio-8080"]
2025-02-13 12:43:53 - Starting service [Tomcat]
2025-02-13 12:43:53 - Starting Servlet engine: [Apache Tomcat/10.1.31]
2025-02-13 12:43:53 - Initializing Spring embedded WebApplicationContext
2025-02-13 12:43:53 - Root WebApplicationContext: initialization completed in 1173 ms
2025-02-13 12:43:53 - Starting ProtocolHandler ["http-nio-8080"]
2025-02-13 12:43:53 - Tomcat started on port 8080 (http) with context path '/'
2025-02-13 12:43:53 - Started Main in 1.995 seconds (process running for 6.39)
2025-02-13 12:44:11 - Initializing Spring DispatcherServlet 'dispatcherServlet'
2025-02-13 12:44:11 - Initializing Servlet 'dispatcherServlet'
2025-02-13 12:44:11 - Completed initialization in 1 ms
2025-02-13 12:44:11 - Starting with parameter: batchId=162.0 productType=1.0 quantity=15.0 speed=200.0
2025-02-13 12:44:11 - Machine is not in idle. Resetting...
2025-02-13 12:49:58 - Resolved [org.springframework.web.context.request.async.AsyncRequestNotUsableException: ServletOutputStream failed to flush: java.nio.channels.ClosedChannelException]
2025-02-13 12:58:18 - Java version: 22.0.1
2025-02-13 12:58:18 - Eclipse Milo OPC UA Stack version: 0.6.15
2025-02-13 12:58:18 - Eclipse Milo OPC UA Client SDK version: 0.6.15
2025-02-13 12:58:20 - SecureRandom seeded in 0ms.
2025-02-13 12:58:21 - Starting Main using Java 22.0.1 with PID 13888 (C:\Users\Livvey\re-exam\target\classes started by Livvey in C:\Users\Livvey\re-exam)
2025-02-13 12:58:21 - No active profile set, falling back to 1 default profile: "default"
2025-02-13 12:58:22 - Tomcat initialized with port 8080 (http)
2025-02-13 12:58:22 - Initializing ProtocolHandler ["http-nio-8080"]
2025-02-13 12:58:22 - Starting service [Tomcat]
2025-02-13 12:58:22 - Starting Servlet engine: [Apache Tomcat/10.1.31]
2025-02-13 12:58:22 - Initializing Spring embedded WebApplicationContext
2025-02-13 12:58:22 - Root WebApplicationContext: initialization completed in 1123 ms
2025-02-13 12:58:22 - Starting ProtocolHandler ["http-nio-8080"]
2025-02-13 12:58:22 - Tomcat started on port 8080 (http) with context path '/'
2025-02-13 12:58:22 - Started Main in 2.019 seconds (process running for 6.392)
2025-02-13 12:58:37 - Initializing Spring DispatcherServlet 'dispatcherServlet'
2025-02-13 12:58:37 - Initializing Servlet 'dispatcherServlet'
2025-02-13 12:58:37 - Completed initialization in 3 ms
2025-02-13 12:58:37 - Starting with parameter: batchId=163 productType=1 quantity=15 speed=200
2025-02-13 12:58:37 - Machine is not in idle. Resetting...
2025-02-13 13:00:41 - Resolved [org.springframework.web.method.annotation.MethodArgumentTypeMismatchException: Method parameter 'batchId': Failed to convert value of type 'java.lang.String' to required type 'int'; For input string: "163.0"]
2025-02-13 13:01:07 - Resolved [org.springframework.web.context.request.async.AsyncRequestNotUsableException: ServletOutputStream failed to flush: java.nio.channels.ClosedChannelException]
2025-02-13 13:12:12 - Java version: 22.0.1
2025-02-13 13:12:12 - Eclipse Milo OPC UA Stack version: 0.6.15
2025-02-13 13:12:12 - Eclipse Milo OPC UA Client SDK version: 0.6.15
2025-02-13 13:12:14 - SecureRandom seeded in 0ms.
2025-02-13 13:12:15 - Starting Main using Java 22.0.1 with PID 21892 (C:\Users\Livvey\re-exam\target\classes started by Livvey in C:\Users\Livvey\re-exam)
2025-02-13 13:12:15 - No active profile set, falling back to 1 default profile: "default"
2025-02-13 13:12:16 - Tomcat initialized with port 8080 (http)
2025-02-13 13:12:16 - Initializing ProtocolHandler ["http-nio-8080"]
2025-02-13 13:12:16 - Starting service [Tomcat]
2025-02-13 13:12:16 - Starting Servlet engine: [Apache Tomcat/10.1.31]
2025-02-13 13:12:16 - Initializing Spring embedded WebApplicationContext
2025-02-13 13:12:16 - Root WebApplicationContext: initialization completed in 1134 ms
2025-02-13 13:12:16 - Starting ProtocolHandler ["http-nio-8080"]
2025-02-13 13:12:16 - Tomcat started on port 8080 (http) with context path '/'
2025-02-13 13:12:16 - Started Main in 1.987 seconds (process running for 6.357)
2025-02-13 13:12:48 - Initializing Spring DispatcherServlet 'dispatcherServlet'
2025-02-13 13:12:48 - Initializing Servlet 'dispatcherServlet'
2025-02-13 13:12:48 - Completed initialization in 1 ms
2025-02-13 13:12:48 - Starting with parameter: batchId=163 productType=1 quantity=15 speed=200
2025-02-13 13:12:48 - Machine is not in idle. Resetting...
2025-02-13 13:14:11 - Resolved [org.springframework.web.context.request.async.AsyncRequestNotUsableException: ServletOutputStream failed to flush: java.nio.channels.ClosedChannelException]
2025-02-13 13:14:37 - Java version: 22.0.1
2025-02-13 13:14:37 - Eclipse Milo OPC UA Stack version: 0.6.15
2025-02-13 13:14:37 - Eclipse Milo OPC UA Client SDK version: 0.6.15
2025-02-13 13:14:39 - SecureRandom seeded in 0ms.
2025-02-13 13:14:40 - Starting Main using Java 22.0.1 with PID 24232 (C:\Users\Livvey\re-exam\target\classes started by Livvey in C:\Users\Livvey\re-exam)
2025-02-13 13:14:40 - No active profile set, falling back to 1 default profile: "default"
2025-02-13 13:14:41 - Tomcat initialized with port 8080 (http)
2025-02-13 13:14:41 - Initializing ProtocolHandler ["http-nio-8080"]
2025-02-13 13:14:41 - Starting service [Tomcat]
2025-02-13 13:14:41 - Starting Servlet engine: [Apache Tomcat/10.1.31]
2025-02-13 13:14:41 - Initializing Spring embedded WebApplicationContext
2025-02-13 13:14:41 - Root WebApplicationContext: initialization completed in 1211 ms
2025-02-13 13:14:42 - Starting ProtocolHandler ["http-nio-8080"]
2025-02-13 13:14:42 - Tomcat started on port 8080 (http) with context path '/'
2025-02-13 13:14:42 - Started Main in 2.179 seconds (process running for 6.488)
2025-02-13 13:14:50 - Initializing Spring DispatcherServlet 'dispatcherServlet'
2025-02-13 13:14:50 - Initializing Servlet 'dispatcherServlet'
2025-02-13 13:14:50 - Completed initialization in 0 ms
2025-02-13 13:14:50 - Starting with parameter: batchId=163 productType=1 quantity=15 speed=200
2025-02-13 13:15:45 - Resolved [org.springframework.web.context.request.async.AsyncRequestNotUsableException: ServletOutputStream failed to flush: java.nio.channels.ClosedChannelException]
2025-02-13 13:15:55 - Java version: 22.0.1
2025-02-13 13:15:55 - Eclipse Milo OPC UA Stack version: 0.6.15
2025-02-13 13:15:55 - Eclipse Milo OPC UA Client SDK version: 0.6.15
2025-02-13 13:15:57 - SecureRandom seeded in 2ms.
2025-02-13 13:15:58 - Starting Main using Java 22.0.1 with PID 10352 (C:\Users\Livvey\re-exam\target\classes started by Livvey in C:\Users\Livvey\re-exam)
2025-02-13 13:15:58 - No active profile set, falling back to 1 default profile: "default"
2025-02-13 13:15:59 - Tomcat initialized with port 8080 (http)
2025-02-13 13:15:59 - Initializing ProtocolHandler ["http-nio-8080"]
2025-02-13 13:15:59 - Starting service [Tomcat]
2025-02-13 13:15:59 - Starting Servlet engine: [Apache Tomcat/10.1.31]
2025-02-13 13:15:59 - Initializing Spring embedded WebApplicationContext
2025-02-13 13:15:59 - Root WebApplicationContext: initialization completed in 1141 ms
2025-02-13 13:16:00 - Starting ProtocolHandler ["http-nio-8080"]
2025-02-13 13:16:00 - Tomcat started on port 8080 (http) with context path '/'
2025-02-13 13:16:00 - Started Main in 1.994 seconds (process running for 6.41)
2025-02-13 13:16:30 - Initializing Spring DispatcherServlet 'dispatcherServlet'
2025-02-13 13:16:30 - Initializing Servlet 'dispatcherServlet'
2025-02-13 13:16:30 - Completed initialization in 3 ms
2025-02-13 13:16:30 - Starting with parameter: batchId=164 productType=2 quantity=20 speed=75
2025-02-13 13:16:30 - Machine is not in idle. Resetting...
2025-02-13 13:21:00 - Resolved [org.springframework.web.context.request.async.AsyncRequestNotUsableException: ServletOutputStream failed to flush: java.nio.channels.ClosedChannelException]
2025-02-13 13:29:28 - Java version: 22.0.1
2025-02-13 13:29:28 - Eclipse Milo OPC UA Stack version: 0.6.15
2025-02-13 13:29:28 - Eclipse Milo OPC UA Client SDK version: 0.6.15
2025-02-13 13:29:31 - SecureRandom seeded in 1ms.
2025-02-13 13:29:31 - Starting Main using Java 22.0.1 with PID 10056 (C:\Users\Livvey\re-exam\target\classes started by Livvey in C:\Users\Livvey\re-exam)
2025-02-13 13:29:31 - No active profile set, falling back to 1 default profile: "default"
2025-02-13 13:29:32 - Tomcat initialized with port 8080 (http)
2025-02-13 13:29:32 - Initializing ProtocolHandler ["http-nio-8080"]
2025-02-13 13:29:32 - Starting service [Tomcat]
2025-02-13 13:29:32 - Starting Servlet engine: [Apache Tomcat/10.1.31]
2025-02-13 13:29:32 - Initializing Spring embedded WebApplicationContext
2025-02-13 13:29:32 - Root WebApplicationContext: initialization completed in 1222 ms
2025-02-13 13:29:33 - Starting ProtocolHandler ["http-nio-8080"]
2025-02-13 13:29:33 - Tomcat started on port 8080 (http) with context path '/'
2025-02-13 13:29:33 - Started Main in 2.176 seconds (process running for 6.599)
2025-02-13 13:29:45 - Initializing Spring DispatcherServlet 'dispatcherServlet'
2025-02-13 13:29:45 - Initializing Servlet 'dispatcherServlet'
2025-02-13 13:29:45 - Completed initialization in 1 ms
2025-02-13 13:29:45 - Starting with parameter: batchId=165 productType=2 quantity=20 speed=75
2025-02-13 13:31:24 - Resolved [org.springframework.web.context.request.async.AsyncRequestNotUsableException: ServletOutputStream failed to flush: java.nio.channels.ClosedChannelException]
2025-02-13 13:31:39 - Java version: 22.0.1
2025-02-13 13:31:39 - Eclipse Milo OPC UA Stack version: 0.6.15
2025-02-13 13:31:39 - Eclipse Milo OPC UA Client SDK version: 0.6.15
2025-02-13 13:31:41 - SecureRandom seeded in 0ms.
2025-02-13 13:31:41 - Starting Main using Java 22.0.1 with PID 16124 (C:\Users\Livvey\re-exam\target\classes started by Livvey in C:\Users\Livvey\re-exam)
2025-02-13 13:31:41 - No active profile set, falling back to 1 default profile: "default"
2025-02-13 13:31:42 - Tomcat initialized with port 8080 (http)
2025-02-13 13:31:42 - Initializing ProtocolHandler ["http-nio-8080"]
2025-02-13 13:31:42 - Starting service [Tomcat]
2025-02-13 13:31:42 - Starting Servlet engine: [Apache Tomcat/10.1.31]
2025-02-13 13:31:43 - Initializing Spring embedded WebApplicationContext
2025-02-13 13:31:43 - Root WebApplicationContext: initialization completed in 1120 ms
2025-02-13 13:31:43 - Starting ProtocolHandler ["http-nio-8080"]
2025-02-13 13:31:43 - Tomcat started on port 8080 (http) with context path '/'
2025-02-13 13:31:43 - Started Main in 2.028 seconds (process running for 6.097)
2025-02-13 13:31:53 - Initializing Spring DispatcherServlet 'dispatcherServlet'
2025-02-13 13:31:53 - Initializing Servlet 'dispatcherServlet'
2025-02-13 13:31:53 - Completed initialization in 1 ms
2025-02-13 13:31:53 - Starting with parameter: batchId=166 productType=2 quantity=20 speed=75
2025-02-13 13:31:53 - Machine is not in idle. Resetting...
2025-02-13 13:32:19 - Resolved [org.springframework.web.context.request.async.AsyncRequestNotUsableException: ServletOutputStream failed to flush: java.nio.channels.ClosedChannelException]
2025-02-13 13:33:40 - Java version: 22.0.1
2025-02-13 13:33:40 - Eclipse Milo OPC UA Stack version: 0.6.15
2025-02-13 13:33:40 - Eclipse Milo OPC UA Client SDK version: 0.6.15
2025-02-13 13:33:42 - SecureRandom seeded in 0ms.
2025-02-13 13:33:43 - Starting Main using Java 22.0.1 with PID 18152 (C:\Users\Livvey\re-exam\target\classes started by Livvey in C:\Users\Livvey\re-exam)
2025-02-13 13:33:43 - No active profile set, falling back to 1 default profile: "default"
2025-02-13 13:33:44 - Tomcat initialized with port 8080 (http)
2025-02-13 13:33:44 - Initializing ProtocolHandler ["http-nio-8080"]
2025-02-13 13:33:44 - Starting service [Tomcat]
2025-02-13 13:33:44 - Starting Servlet engine: [Apache Tomcat/10.1.31]
2025-02-13 13:33:44 - Initializing Spring embedded WebApplicationContext
2025-02-13 13:33:44 - Root WebApplicationContext: initialization completed in 1394 ms
2025-02-13 13:33:45 - Starting ProtocolHandler ["http-nio-8080"]
2025-02-13 13:33:45 - Tomcat started on port 8080 (http) with context path '/'
2025-02-13 13:33:45 - Started Main in 2.415 seconds (process running for 6.662)
2025-02-13 13:34:03 - Initializing Spring DispatcherServlet 'dispatcherServlet'
2025-02-13 13:34:03 - Initializing Servlet 'dispatcherServlet'
2025-02-13 13:34:03 - Completed initialization in 0 ms
2025-02-13 13:34:03 - Starting with parameter: batchId=166 productType=2 quantity=20 speed=75
2025-02-13 13:34:03 - Machine is not in idle. Resetting...
2025-02-13 13:36:00 - Resolved [org.springframework.web.context.request.async.AsyncRequestNotUsableException: ServletOutputStream failed to flush: java.nio.channels.ClosedChannelException]
2025-02-13 13:37:29 - Java version: 22.0.1
2025-02-13 13:37:29 - Eclipse Milo OPC UA Stack version: 0.6.15
2025-02-13 13:37:29 - Eclipse Milo OPC UA Client SDK version: 0.6.15
2025-02-13 13:37:31 - SecureRandom seeded in 0ms.
2025-02-13 13:37:31 - Starting Main using Java 22.0.1 with PID 18816 (C:\Users\Livvey\re-exam\target\classes started by Livvey in C:\Users\Livvey\re-exam)
2025-02-13 13:37:31 - No active profile set, falling back to 1 default profile: "default"
2025-02-13 13:37:32 - Tomcat initialized with port 8080 (http)
2025-02-13 13:37:32 - Initializing ProtocolHandler ["http-nio-8080"]
2025-02-13 13:37:32 - Starting service [Tomcat]
2025-02-13 13:37:32 - Starting Servlet engine: [Apache Tomcat/10.1.31]
2025-02-13 13:37:32 - Initializing Spring embedded WebApplicationContext
2025-02-13 13:37:32 - Root WebApplicationContext: initialization completed in 1104 ms
2025-02-13 13:37:33 - Starting ProtocolHandler ["http-nio-8080"]
2025-02-13 13:37:33 - Tomcat started on port 8080 (http) with context path '/'
2025-02-13 13:37:33 - Started Main in 1.953 seconds (process running for 6.156)
2025-02-13 13:37:43 - Initializing Spring DispatcherServlet 'dispatcherServlet'
2025-02-13 13:37:43 - Initializing Servlet 'dispatcherServlet'
2025-02-13 13:37:43 - Completed initialization in 2 ms
2025-02-13 13:37:44 - Starting with parameter: batchId=167 productType=2 quantity=20 speed=75
2025-02-13 13:39:44 - Resolved [org.springframework.web.context.request.async.AsyncRequestNotUsableException: ServletOutputStream failed to flush: java.nio.channels.ClosedChannelException]
2025-02-13 13:41:39 - Java version: 22.0.1
2025-02-13 13:41:39 - Eclipse Milo OPC UA Stack version: 0.6.15
2025-02-13 13:41:39 - Eclipse Milo OPC UA Client SDK version: 0.6.15
2025-02-13 13:41:41 - SecureRandom seeded in 0ms.
2025-02-13 13:41:41 - Starting Main using Java 22.0.1 with PID 3176 (C:\Users\Livvey\re-exam\target\classes started by Livvey in C:\Users\Livvey\re-exam)
2025-02-13 13:41:41 - No active profile set, falling back to 1 default profile: "default"
2025-02-13 13:41:42 - Tomcat initialized with port 8080 (http)
2025-02-13 13:41:42 - Initializing ProtocolHandler ["http-nio-8080"]
2025-02-13 13:41:42 - Starting service [Tomcat]
2025-02-13 13:41:42 - Starting Servlet engine: [Apache Tomcat/10.1.31]
2025-02-13 13:41:43 - Initializing Spring embedded WebApplicationContext
2025-02-13 13:41:43 - Root WebApplicationContext: initialization completed in 1147 ms
2025-02-13 13:41:43 - Starting ProtocolHandler ["http-nio-8080"]
2025-02-13 13:41:43 - Tomcat started on port 8080 (http) with context path '/'
2025-02-13 13:41:43 - Started Main in 2.061 seconds (process running for 6.161)
2025-02-13 13:44:17 - Java version: 22.0.1
2025-02-13 13:44:17 - Eclipse Milo OPC UA Stack version: 0.6.15
2025-02-13 13:44:17 - Eclipse Milo OPC UA Client SDK version: 0.6.15
2025-02-13 13:44:19 - SecureRandom seeded in 0ms.
2025-02-13 13:44:20 - Starting Main using Java 22.0.1 with PID 16040 (C:\Users\Livvey\re-exam\target\classes started by Livvey in C:\Users\Livvey\re-exam)
2025-02-13 13:44:20 - No active profile set, falling back to 1 default profile: "default"
2025-02-13 13:44:21 - Tomcat initialized with port 8080 (http)
2025-02-13 13:44:21 - Initializing ProtocolHandler ["http-nio-8080"]
2025-02-13 13:44:21 - Starting service [Tomcat]
2025-02-13 13:44:21 - Starting Servlet engine: [Apache Tomcat/10.1.31]
2025-02-13 13:44:21 - Initializing Spring embedded WebApplicationContext
2025-02-13 13:44:21 - Root WebApplicationContext: initialization completed in 1123 ms
2025-02-13 13:44:21 - Starting ProtocolHandler ["http-nio-8080"]
2025-02-13 13:44:21 - Tomcat started on port 8080 (http) with context path '/'
2025-02-13 13:44:21 - Started Main in 1.959 seconds (process running for 6.623)
2025-02-13 13:44:29 - Initializing Spring DispatcherServlet 'dispatcherServlet'
2025-02-13 13:44:29 - Initializing Servlet 'dispatcherServlet'
2025-02-13 13:44:29 - Completed initialization in 1 ms
2025-02-13 13:44:29 - Starting with parameter: batchId=167 productType=2 quantity=20 speed=75
2025-02-13 13:44:29 - Machine is not in idle. Resetting...
2025-02-13 13:47:56 - [remote=/192.168.0.122:4840] Exception caught: Connection reset
java.net.SocketException: Connection reset
	at java.base/sun.nio.ch.SocketChannelImpl.throwConnectionReset(SocketChannelImpl.java:403)
	at java.base/sun.nio.ch.SocketChannelImpl.implRead(SocketChannelImpl.java:435)
	at java.base/sun.nio.ch.SocketChannelImpl.read(SocketChannelImpl.java:493)
	at io.netty.buffer.PooledByteBuf.setBytes(PooledByteBuf.java:255)
	at io.netty.buffer.AbstractByteBuf.writeBytes(AbstractByteBuf.java:1132)
	at io.netty.channel.socket.nio.NioSocketChannel.doReadBytes(NioSocketChannel.java:356)
	at io.netty.channel.nio.AbstractNioByteChannel$NioByteUnsafe.read(AbstractNioByteChannel.java:151)
	at io.netty.channel.nio.NioEventLoop.processSelectedKey(NioEventLoop.java:788)
	at io.netty.channel.nio.NioEventLoop.processSelectedKeysOptimized(NioEventLoop.java:724)
	at io.netty.channel.nio.NioEventLoop.processSelectedKeys(NioEventLoop.java:650)
	at io.netty.channel.nio.NioEventLoop.run(NioEventLoop.java:562)
	at io.netty.util.concurrent.SingleThreadEventExecutor$4.run(SingleThreadEventExecutor.java:997)
	at io.netty.util.internal.ThreadExecutorMap$2.run(ThreadExecutorMap.java:74)
	at java.base/java.lang.Thread.run(Thread.java:1570)
2025-02-13 14:47:11 - Java version: 22.0.1
2025-02-13 14:47:11 - Eclipse Milo OPC UA Stack version: 0.6.15
2025-02-13 14:47:11 - Eclipse Milo OPC UA Client SDK version: 0.6.15
2025-02-13 14:47:13 - SecureRandom seeded in 0ms.
2025-02-13 14:47:13 - Starting Main using Java 22.0.1 with PID 14160 (C:\Users\Livvey\re-exam\target\classes started by Livvey in C:\Users\Livvey\re-exam)
2025-02-13 14:47:13 - No active profile set, falling back to 1 default profile: "default"
2025-02-13 14:47:14 - Tomcat initialized with port 8080 (http)
2025-02-13 14:47:14 - Initializing ProtocolHandler ["http-nio-8080"]
2025-02-13 14:47:14 - Starting service [Tomcat]
2025-02-13 14:47:14 - Starting Servlet engine: [Apache Tomcat/10.1.31]
2025-02-13 14:47:14 - Initializing Spring embedded WebApplicationContext
2025-02-13 14:47:14 - Root WebApplicationContext: initialization completed in 953 ms
2025-02-13 14:47:14 - Starting ProtocolHandler ["http-nio-8080"]
2025-02-13 14:47:14 - Tomcat started on port 8080 (http) with context path '/'
2025-02-13 14:47:14 - Started Main in 1.677 seconds (process running for 5.467)
2025-02-13 14:47:32 - Initializing Spring DispatcherServlet 'dispatcherServlet'
2025-02-13 14:47:32 - Initializing Servlet 'dispatcherServlet'
2025-02-13 14:47:32 - Completed initialization in 2 ms
2025-02-13 14:47:32 - Starting with parameter: batchId=168 productType=2 quantity=20 speed=75
2025-02-13 14:47:32 - Machine is not in idle. Resetting...
2025-02-13 14:49:18 - Resolved [org.springframework.web.context.request.async.AsyncRequestNotUsableException: ServletOutputStream failed to flush: java.nio.channels.ClosedChannelException]
2025-02-13 14:57:25 - Java version: 22.0.1
2025-02-13 14:57:25 - Eclipse Milo OPC UA Stack version: 0.6.15
2025-02-13 14:57:25 - Eclipse Milo OPC UA Client SDK version: 0.6.15
2025-02-13 14:57:26 - SecureRandom seeded in 0ms.
2025-02-13 14:57:26 - Starting Main using Java 22.0.1 with PID 12628 (C:\Users\Livvey\re-exam\target\classes started by Livvey in C:\Users\Livvey\re-exam)
2025-02-13 14:57:26 - No active profile set, falling back to 1 default profile: "default"
2025-02-13 14:57:27 - Tomcat initialized with port 8080 (http)
2025-02-13 14:57:27 - Initializing ProtocolHandler ["http-nio-8080"]
2025-02-13 14:57:27 - Starting service [Tomcat]
2025-02-13 14:57:27 - Starting Servlet engine: [Apache Tomcat/10.1.31]
2025-02-13 14:57:27 - Initializing Spring embedded WebApplicationContext
2025-02-13 14:57:27 - Root WebApplicationContext: initialization completed in 841 ms
2025-02-13 14:57:28 - Starting ProtocolHandler ["http-nio-8080"]
2025-02-13 14:57:28 - Tomcat started on port 8080 (http) with context path '/'
2025-02-13 14:57:28 - Started Main in 1.527 seconds (process running for 4.724)
2025-02-13 14:57:41 - Initializing Spring DispatcherServlet 'dispatcherServlet'
2025-02-13 14:57:41 - Initializing Servlet 'dispatcherServlet'
2025-02-13 14:57:41 - Completed initialization in 2 ms
2025-02-13 14:57:41 - Starting with parameter: batchId=168 productType=2 quantity=20 speed=75
2025-02-13 14:58:22 - Machine is not in idle. Resetting...
2025-02-13 15:02:10 - Resolved [org.springframework.web.context.request.async.AsyncRequestNotUsableException: ServletOutputStream failed to flush: java.nio.channels.ClosedChannelException]
2025-02-13 15:02:19 - Java version: 22.0.1
2025-02-13 15:02:19 - Eclipse Milo OPC UA Stack version: 0.6.15
2025-02-13 15:02:19 - Eclipse Milo OPC UA Client SDK version: 0.6.15
2025-02-13 15:02:21 - SecureRandom seeded in 7ms.
2025-02-13 15:02:21 - Starting Main using Java 22.0.1 with PID 21844 (C:\Users\Livvey\re-exam\target\classes started by Livvey in C:\Users\Livvey\re-exam)
2025-02-13 15:02:21 - No active profile set, falling back to 1 default profile: "default"
2025-02-13 15:02:22 - Tomcat initialized with port 8080 (http)
2025-02-13 15:02:22 - Initializing ProtocolHandler ["http-nio-8080"]
2025-02-13 15:02:22 - Starting service [Tomcat]
2025-02-13 15:02:22 - Starting Servlet engine: [Apache Tomcat/10.1.31]
2025-02-13 15:02:22 - Initializing Spring embedded WebApplicationContext
2025-02-13 15:02:22 - Root WebApplicationContext: initialization completed in 881 ms
2025-02-13 15:02:22 - Starting ProtocolHandler ["http-nio-8080"]
2025-02-13 15:02:22 - Tomcat started on port 8080 (http) with context path '/'
2025-02-13 15:02:22 - Started Main in 1.536 seconds (process running for 4.479)
2025-02-13 15:02:36 - Initializing Spring DispatcherServlet 'dispatcherServlet'
2025-02-13 15:02:36 - Initializing Servlet 'dispatcherServlet'
2025-02-13 15:02:36 - Completed initialization in 1 ms
2025-02-13 15:02:36 - Starting with parameter: batchId=169 productType=2 quantity=20 speed=75
2025-02-13 15:03:31 - Resolved [org.springframework.web.context.request.async.AsyncRequestNotUsableException: ServletOutputStream failed to flush: java.nio.channels.ClosedChannelException]
2025-02-14 11:54:55 - Starting Main using Java 23.0.2 with PID 6532 (C:\Users\Esben\OneDrive - Syddansk Universitet\Dokumenter\_SDU_Software\2. sem\VOP\Exercises\re-exam\target\classes started by Esben in C:\Users\Esben\OneDrive - Syddansk Universitet\Dokumenter\_SDU_Software\2. sem\VOP\Exercises\re-exam)
2025-02-14 11:54:55 - No active profile set, falling back to 1 default profile: "default"
2025-02-14 11:54:56 - Tomcat initialized with port 8080 (http)
2025-02-14 11:54:56 - Initializing ProtocolHandler ["http-nio-8080"]
2025-02-14 11:54:56 - Starting service [Tomcat]
2025-02-14 11:54:56 - Starting Servlet engine: [Apache Tomcat/10.1.31]
2025-02-14 11:54:57 - Initializing Spring embedded WebApplicationContext
2025-02-14 11:54:57 - Root WebApplicationContext: initialization completed in 1604 ms
2025-02-14 11:54:57 - Exception encountered during context initialization - cancelling refresh attempt: org.springframework.beans.factory.BeanCreationException: Error creating bean with name 'productionController' defined in file [C:\Users\Esben\OneDrive - Syddansk Universitet\Dokumenter\_SDU_Software\2. sem\VOP\Exercises\re-exam\target\classes\org\example\ProductionController.class]: Failed to instantiate [org.example.ProductionController]: Constructor threw exception
2025-02-14 11:54:57 - Stopping service [Tomcat]
2025-02-14 11:54:57 - 

Error starting ApplicationContext. To display the condition evaluation report re-run your application with 'debug' enabled.
2025-02-14 11:54:57 - Application run failed
org.springframework.beans.factory.BeanCreationException: Error creating bean with name 'productionController' defined in file [C:\Users\Esben\OneDrive - Syddansk Universitet\Dokumenter\_SDU_Software\2. sem\VOP\Exercises\re-exam\target\classes\org\example\ProductionController.class]: Failed to instantiate [org.example.ProductionController]: Constructor threw exception
	at org.springframework.beans.factory.support.AbstractAutowireCapableBeanFactory.instantiateBean(AbstractAutowireCapableBeanFactory.java:1337)
	at org.springframework.beans.factory.support.AbstractAutowireCapableBeanFactory.createBeanInstance(AbstractAutowireCapableBeanFactory.java:1222)
	at org.springframework.beans.factory.support.AbstractAutowireCapableBeanFactory.doCreateBean(AbstractAutowireCapableBeanFactory.java:562)
	at org.springframework.beans.factory.support.AbstractAutowireCapableBeanFactory.createBean(AbstractAutowireCapableBeanFactory.java:522)
	at org.springframework.beans.factory.support.AbstractBeanFactory.lambda$doGetBean$0(AbstractBeanFactory.java:337)
	at org.springframework.beans.factory.support.DefaultSingletonBeanRegistry.getSingleton(DefaultSingletonBeanRegistry.java:234)
	at org.springframework.beans.factory.support.AbstractBeanFactory.doGetBean(AbstractBeanFactory.java:335)
	at org.springframework.beans.factory.support.AbstractBeanFactory.getBean(AbstractBeanFactory.java:200)
	at org.springframework.beans.factory.support.DefaultListableBeanFactory.preInstantiateSingletons(DefaultListableBeanFactory.java:975)
	at org.springframework.context.support.AbstractApplicationContext.finishBeanFactoryInitialization(AbstractApplicationContext.java:971)
	at org.springframework.context.support.AbstractApplicationContext.refresh(AbstractApplicationContext.java:625)
	at org.springframework.boot.web.servlet.context.ServletWebServerApplicationContext.refresh(ServletWebServerApplicationContext.java:146)
	at org.springframework.boot.SpringApplication.refresh(SpringApplication.java:754)
	at org.springframework.boot.SpringApplication.refreshContext(SpringApplication.java:456)
	at org.springframework.boot.SpringApplication.run(SpringApplication.java:335)
	at org.springframework.boot.SpringApplication.run(SpringApplication.java:1363)
	at org.springframework.boot.SpringApplication.run(SpringApplication.java:1352)
	at org.example.Main.main(Main.java:11)
Caused by: org.springframework.beans.BeanInstantiationException: Failed to instantiate [org.example.ProductionController]: Constructor threw exception
	at org.springframework.beans.BeanUtils.instantiateClass(BeanUtils.java:221)
	at org.springframework.beans.factory.support.SimpleInstantiationStrategy.instantiate(SimpleInstantiationStrategy.java:94)
	at org.springframework.beans.factory.support.AbstractAutowireCapableBeanFactory.instantiateBean(AbstractAutowireCapableBeanFactory.java:1331)
	... 17 common frames omitted
Caused by: java.lang.NullPointerException: Cannot invoke "org.eclipse.milo.opcua.sdk.client.OpcUaClient.connect()" because "this.client" is null
	at org.example.Production.<init>(Production.java:45)
	at org.example.ProductionController.<init>(ProductionController.java:14)
	at java.base/jdk.internal.reflect.DirectConstructorHandleAccessor.newInstance(DirectConstructorHandleAccessor.java:62)
	at java.base/java.lang.reflect.Constructor.newInstanceWithCaller(Constructor.java:501)
	at java.base/java.lang.reflect.Constructor.newInstance(Constructor.java:485)
	at org.springframework.beans.BeanUtils.instantiateClass(BeanUtils.java:195)
	... 19 common frames omitted
2025-02-14 11:56:55 - Java version: 23.0.2
2025-02-14 11:56:55 - Eclipse Milo OPC UA Stack version: 0.6.15
2025-02-14 11:56:55 - Eclipse Milo OPC UA Client SDK version: 0.6.15
2025-02-14 11:56:57 - Java version: 23.0.2
2025-02-14 11:56:57 - Eclipse Milo OPC UA Stack version: 0.6.15
2025-02-14 11:56:57 - Eclipse Milo OPC UA Client SDK version: 0.6.15
2025-02-14 11:56:57 - SecureRandom seeded in 0ms.
2025-02-14 11:56:58 - Starting Main using Java 23.0.2 with PID 24124 (C:\Users\Esben\OneDrive - Syddansk Universitet\Dokumenter\_SDU_Software\2. sem\VOP\Exercises\re-exam\target\classes started by Esben in C:\Users\Esben\OneDrive - Syddansk Universitet\Dokumenter\_SDU_Software\2. sem\VOP\Exercises\re-exam)
2025-02-14 11:56:58 - No active profile set, falling back to 1 default profile: "default"
2025-02-14 11:56:59 - Tomcat initialized with port 8080 (http)
2025-02-14 11:56:59 - Initializing ProtocolHandler ["http-nio-8080"]
2025-02-14 11:56:59 - Starting service [Tomcat]
2025-02-14 11:56:59 - Starting Servlet engine: [Apache Tomcat/10.1.31]
2025-02-14 11:56:59 - SecureRandom seeded in 0ms.
2025-02-14 11:56:59 - Initializing Spring embedded WebApplicationContext
2025-02-14 11:56:59 - Root WebApplicationContext: initialization completed in 1357 ms
2025-02-14 11:57:00 - Starting Main using Java 23.0.2 with PID 2924 (C:\Users\Esben\OneDrive - Syddansk Universitet\Dokumenter\_SDU_Software\2. sem\VOP\Exercises\re-exam\target\classes started by Esben in C:\Users\Esben\OneDrive - Syddansk Universitet\Dokumenter\_SDU_Software\2. sem\VOP\Exercises\re-exam)
2025-02-14 11:57:00 - No active profile set, falling back to 1 default profile: "default"
2025-02-14 11:57:00 - Starting ProtocolHandler ["http-nio-8080"]
2025-02-14 11:57:00 - Tomcat started on port 8080 (http) with context path '/'
2025-02-14 11:57:00 - Started Main in 2.436 seconds (process running for 7.957)
2025-02-14 11:57:00 - Starting with parameter: batchId=1001 productType=2 quantity=200 speed=120
2025-02-14 11:57:00 - Machine is not in idle. Resetting...
2025-02-14 11:57:01 - Tomcat initialized with port 8080 (http)
2025-02-14 11:57:01 - Initializing ProtocolHandler ["http-nio-8080"]
2025-02-14 11:57:01 - Starting service [Tomcat]
2025-02-14 11:57:01 - Starting Servlet engine: [Apache Tomcat/10.1.31]
2025-02-14 11:57:01 - Initializing Spring embedded WebApplicationContext
2025-02-14 11:57:01 - Root WebApplicationContext: initialization completed in 1408 ms
2025-02-14 11:57:02 - Starting ProtocolHandler ["http-nio-8080"]
2025-02-14 11:57:02 - Exception encountered during context initialization - cancelling refresh attempt: org.springframework.context.ApplicationContextException: Failed to start bean 'webServerStartStop'
2025-02-14 11:57:02 - 

Error starting ApplicationContext. To display the condition evaluation report re-run your application with 'debug' enabled.
2025-02-14 11:57:02 - 

***************************
APPLICATION FAILED TO START
***************************

Description:

Web server failed to start. Port 8080 was already in use.

Action:

Identify and stop the process that's listening on port 8080 or configure this application to listen on another port.

2025-02-14 11:59:27 - Java version: 23.0.2
2025-02-14 11:59:27 - Eclipse Milo OPC UA Stack version: 0.6.15
2025-02-14 11:59:27 - Eclipse Milo OPC UA Client SDK version: 0.6.15
2025-02-14 11:59:28 - SecureRandom seeded in 0ms.
2025-02-14 11:59:29 - Starting Main using Java 23.0.2 with PID 8072 (C:\Users\Esben\OneDrive - Syddansk Universitet\Dokumenter\_SDU_Software\2. sem\VOP\Exercises\re-exam\target\classes started by Esben in C:\Users\Esben\OneDrive - Syddansk Universitet\Dokumenter\_SDU_Software\2. sem\VOP\Exercises\re-exam)
2025-02-14 11:59:29 - No active profile set, falling back to 1 default profile: "default"
2025-02-14 11:59:30 - Tomcat initialized with port 8080 (http)
2025-02-14 11:59:30 - Initializing ProtocolHandler ["http-nio-8080"]
2025-02-14 11:59:30 - Starting service [Tomcat]
2025-02-14 11:59:30 - Starting Servlet engine: [Apache Tomcat/10.1.31]
2025-02-14 11:59:30 - Initializing Spring embedded WebApplicationContext
2025-02-14 11:59:30 - Root WebApplicationContext: initialization completed in 1393 ms
2025-02-14 11:59:31 - Starting ProtocolHandler ["http-nio-8080"]
2025-02-14 11:59:31 - Tomcat started on port 8080 (http) with context path '/'
2025-02-14 11:59:31 - Started Main in 2.397 seconds (process running for 6.875)
2025-02-14 11:59:31 - Starting with parameter: batchId=1001 productType=2 quantity=200 speed=120
2025-02-14 12:36:37 - Java version: 23.0.2
2025-02-14 12:36:37 - Eclipse Milo OPC UA Stack version: 0.6.15
2025-02-14 12:36:37 - Eclipse Milo OPC UA Client SDK version: 0.6.15
2025-02-14 12:36:39 - SecureRandom seeded in 1ms.
2025-02-14 12:36:40 - Starting Main using Java 23.0.2 with PID 26388 (C:\Users\Esben\OneDrive - Syddansk Universitet\Dokumenter\_SDU_Software\2. sem\VOP\Exercises\re-exam\target\classes started by Esben in C:\Users\Esben\OneDrive - Syddansk Universitet\Dokumenter\_SDU_Software\2. sem\VOP\Exercises\re-exam)
2025-02-14 12:36:40 - No active profile set, falling back to 1 default profile: "default"
2025-02-14 12:36:42 - Tomcat initialized with port 8080 (http)
2025-02-14 12:36:42 - Initializing ProtocolHandler ["http-nio-8080"]
2025-02-14 12:36:42 - Starting service [Tomcat]
2025-02-14 12:36:42 - Starting Servlet engine: [Apache Tomcat/10.1.31]
2025-02-14 12:36:42 - Initializing Spring embedded WebApplicationContext
2025-02-14 12:36:42 - Root WebApplicationContext: initialization completed in 1507 ms
2025-02-14 12:36:42 - Starting ProtocolHandler ["http-nio-8080"]
2025-02-14 12:36:42 - Tomcat started on port 8080 (http) with context path '/'
2025-02-14 12:36:42 - Started Main in 2.688 seconds (process running for 7.454)
2025-02-14 12:36:42 - Starting with parameter: batchId=1001 productType=2 quantity=200 speed=120
2025-02-14 12:36:42 - Machine is not in idle. Resetting...
2025-02-14 12:39:47 - Java version: 23.0.2
2025-02-14 12:39:47 - Eclipse Milo OPC UA Stack version: 0.6.15
2025-02-14 12:39:47 - Eclipse Milo OPC UA Client SDK version: 0.6.15
2025-02-14 12:39:49 - SecureRandom seeded in 1ms.
2025-02-14 12:39:49 - Starting Main using Java 23.0.2 with PID 6220 (C:\Users\Esben\OneDrive - Syddansk Universitet\Dokumenter\_SDU_Software\2. sem\VOP\Exercises\re-exam\target\classes started by Esben in C:\Users\Esben\OneDrive - Syddansk Universitet\Dokumenter\_SDU_Software\2. sem\VOP\Exercises\re-exam)
2025-02-14 12:39:49 - No active profile set, falling back to 1 default profile: "default"
2025-02-14 12:39:51 - Tomcat initialized with port 8080 (http)
2025-02-14 12:39:51 - Initializing ProtocolHandler ["http-nio-8080"]
2025-02-14 12:39:51 - Starting service [Tomcat]
2025-02-14 12:39:51 - Starting Servlet engine: [Apache Tomcat/10.1.31]
2025-02-14 12:39:51 - Initializing Spring embedded WebApplicationContext
2025-02-14 12:39:51 - Root WebApplicationContext: initialization completed in 1427 ms
2025-02-14 12:39:51 - Starting ProtocolHandler ["http-nio-8080"]
2025-02-14 12:39:52 - Tomcat started on port 8080 (http) with context path '/'
2025-02-14 12:39:52 - Started Main in 2.563 seconds (process running for 7.019)
2025-02-14 12:39:52 - Starting with parameter: batchId=1001 productType=2 quantity=200 speed=120
2025-02-14 12:39:52 - Machine is not in idle. Resetting...
2025-02-14 12:41:23 - Java version: 23.0.2
2025-02-14 12:41:23 - Eclipse Milo OPC UA Stack version: 0.6.15
2025-02-14 12:41:23 - Eclipse Milo OPC UA Client SDK version: 0.6.15
2025-02-14 12:41:25 - SecureRandom seeded in 0ms.
2025-02-14 12:41:25 - Starting Main using Java 23.0.2 with PID 6088 (C:\Users\Esben\OneDrive - Syddansk Universitet\Dokumenter\_SDU_Software\2. sem\VOP\Exercises\re-exam\target\classes started by Esben in C:\Users\Esben\OneDrive - Syddansk Universitet\Dokumenter\_SDU_Software\2. sem\VOP\Exercises\re-exam)
2025-02-14 12:41:25 - No active profile set, falling back to 1 default profile: "default"
2025-02-14 12:41:26 - Tomcat initialized with port 8080 (http)
2025-02-14 12:41:26 - Initializing ProtocolHandler ["http-nio-8080"]
2025-02-14 12:41:26 - Starting service [Tomcat]
2025-02-14 12:41:26 - Starting Servlet engine: [Apache Tomcat/10.1.31]
2025-02-14 12:41:27 - Initializing Spring embedded WebApplicationContext
2025-02-14 12:41:27 - Root WebApplicationContext: initialization completed in 1229 ms
2025-02-14 12:41:27 - Starting ProtocolHandler ["http-nio-8080"]
2025-02-14 12:41:27 - Tomcat started on port 8080 (http) with context path '/'
2025-02-14 12:41:27 - Started Main in 2.15 seconds (process running for 6.604)
2025-02-14 12:41:27 - Starting with parameter: batchId=1001 productType=2 quantity=200 speed=120
2025-02-14 12:55:30 - Java version: 23.0.2
2025-02-14 12:55:30 - Eclipse Milo OPC UA Stack version: 0.6.15
2025-02-14 12:55:30 - Eclipse Milo OPC UA Client SDK version: 0.6.15
2025-02-14 12:56:39 - Java version: 23.0.2
2025-02-14 12:56:39 - Eclipse Milo OPC UA Stack version: 0.6.15
2025-02-14 12:56:39 - Eclipse Milo OPC UA Client SDK version: 0.6.15
2025-02-14 12:56:41 - SecureRandom seeded in 0ms.
2025-02-14 12:56:42 - Starting Main using Java 23.0.2 with PID 7072 (C:\Users\Esben\OneDrive - Syddansk Universitet\Dokumenter\_SDU_Software\2. sem\VOP\Exercises\re-exam\target\classes started by Esben in C:\Users\Esben\OneDrive - Syddansk Universitet\Dokumenter\_SDU_Software\2. sem\VOP\Exercises\re-exam)
2025-02-14 12:56:42 - No active profile set, falling back to 1 default profile: "default"
2025-02-14 12:56:43 - Tomcat initialized with port 8080 (http)
2025-02-14 12:56:43 - Initializing ProtocolHandler ["http-nio-8080"]
2025-02-14 12:56:43 - Starting service [Tomcat]
2025-02-14 12:56:43 - Starting Servlet engine: [Apache Tomcat/10.1.31]
2025-02-14 12:56:43 - Initializing Spring embedded WebApplicationContext
2025-02-14 12:56:43 - Root WebApplicationContext: initialization completed in 1550 ms
2025-02-14 12:56:44 - Starting ProtocolHandler ["http-nio-8080"]
2025-02-14 12:56:44 - Tomcat started on port 8080 (http) with context path '/'
2025-02-14 12:56:44 - Started Main in 2.542 seconds (process running for 6.855)
2025-02-14 12:56:44 - Starting with parameter: batchId=1002 productType=2 quantity=200 speed=120
2025-02-14 13:00:51 - Java version: 23.0.2
2025-02-14 13:00:51 - Eclipse Milo OPC UA Stack version: 0.6.15
2025-02-14 13:00:51 - Eclipse Milo OPC UA Client SDK version: 0.6.15
2025-02-14 13:00:54 - SecureRandom seeded in 0ms.
2025-02-14 13:00:54 - Starting Main using Java 23.0.2 with PID 19840 (C:\Users\Esben\OneDrive - Syddansk Universitet\Dokumenter\_SDU_Software\2. sem\VOP\Exercises\re-exam\target\classes started by Esben in C:\Users\Esben\OneDrive - Syddansk Universitet\Dokumenter\_SDU_Software\2. sem\VOP\Exercises\re-exam)
2025-02-14 13:00:54 - No active profile set, falling back to 1 default profile: "default"
2025-02-14 13:00:56 - Tomcat initialized with port 8080 (http)
2025-02-14 13:00:56 - Initializing ProtocolHandler ["http-nio-8080"]
2025-02-14 13:00:56 - Starting service [Tomcat]
2025-02-14 13:00:56 - Starting Servlet engine: [Apache Tomcat/10.1.31]
2025-02-14 13:00:56 - Initializing Spring embedded WebApplicationContext
2025-02-14 13:00:56 - Root WebApplicationContext: initialization completed in 1480 ms
2025-02-14 13:00:56 - Starting ProtocolHandler ["http-nio-8080"]
2025-02-14 13:00:56 - Tomcat started on port 8080 (http) with context path '/'
2025-02-14 13:00:56 - Started Main in 2.614 seconds (process running for 7.459)
2025-02-14 13:00:56 - Starting with parameter: batchId=1003 productType=2 quantity=200 speed=120
2025-02-14 13:03:08 - Java version: 23.0.2
2025-02-14 13:03:08 - Eclipse Milo OPC UA Stack version: 0.6.15
2025-02-14 13:03:08 - Eclipse Milo OPC UA Client SDK version: 0.6.15
2025-02-14 13:03:10 - SecureRandom seeded in 0ms.
2025-02-14 13:03:11 - Starting Main using Java 23.0.2 with PID 9088 (C:\Users\Esben\OneDrive - Syddansk Universitet\Dokumenter\_SDU_Software\2. sem\VOP\Exercises\re-exam\target\classes started by Esben in C:\Users\Esben\OneDrive - Syddansk Universitet\Dokumenter\_SDU_Software\2. sem\VOP\Exercises\re-exam)
2025-02-14 13:03:11 - No active profile set, falling back to 1 default profile: "default"
2025-02-14 13:03:12 - Tomcat initialized with port 8080 (http)
2025-02-14 13:03:12 - Initializing ProtocolHandler ["http-nio-8080"]
2025-02-14 13:03:12 - Starting service [Tomcat]
2025-02-14 13:03:12 - Starting Servlet engine: [Apache Tomcat/10.1.31]
2025-02-14 13:03:12 - Initializing Spring embedded WebApplicationContext
2025-02-14 13:03:12 - Root WebApplicationContext: initialization completed in 1333 ms
2025-02-14 13:03:12 - Starting ProtocolHandler ["http-nio-8080"]
2025-02-14 13:03:12 - Tomcat started on port 8080 (http) with context path '/'
2025-02-14 13:03:13 - Started Main in 2.264 seconds (process running for 6.719)
2025-02-14 13:03:13 - Starting with parameter: batchId=1004 productType=2 quantity=200 speed=120
2025-02-14 13:03:13 - Machine is not in idle. Resetting...
2025-02-14 13:07:47 - Java version: 23.0.2
2025-02-14 13:07:47 - Eclipse Milo OPC UA Stack version: 0.6.15
2025-02-14 13:07:47 - Eclipse Milo OPC UA Client SDK version: 0.6.15
2025-02-14 13:07:49 - SecureRandom seeded in 1ms.
2025-02-14 13:07:50 - Starting Main using Java 23.0.2 with PID 12660 (C:\Users\Esben\OneDrive - Syddansk Universitet\Dokumenter\_SDU_Software\2. sem\VOP\Exercises\re-exam\target\classes started by Esben in C:\Users\Esben\OneDrive - Syddansk Universitet\Dokumenter\_SDU_Software\2. sem\VOP\Exercises\re-exam)
2025-02-14 13:07:50 - No active profile set, falling back to 1 default profile: "default"
2025-02-14 13:07:51 - Tomcat initialized with port 8080 (http)
2025-02-14 13:07:51 - Initializing ProtocolHandler ["http-nio-8080"]
2025-02-14 13:07:51 - Starting service [Tomcat]
2025-02-14 13:07:51 - Starting Servlet engine: [Apache Tomcat/10.1.31]
2025-02-14 13:07:51 - Initializing Spring embedded WebApplicationContext
2025-02-14 13:07:51 - Root WebApplicationContext: initialization completed in 1157 ms
2025-02-14 13:07:51 - Starting ProtocolHandler ["http-nio-8080"]
2025-02-14 13:07:51 - Tomcat started on port 8080 (http) with context path '/'
2025-02-14 13:07:51 - Started Main in 2.042 seconds (process running for 6.541)
2025-02-14 13:07:51 - Starting with parameter: batchId=1005 productType=2 quantity=200 speed=120
2025-02-14 13:07:51 - Machine is not in idle. Resetting...
2025-02-15 15:46:53 - Java version: 22.0.1
2025-02-15 15:46:53 - Eclipse Milo OPC UA Stack version: 0.6.15
2025-02-15 15:46:53 - Eclipse Milo OPC UA Client SDK version: 0.6.15
2025-02-15 15:46:54 - SecureRandom seeded in 0ms.
2025-02-15 15:46:55 - Starting Main using Java 22.0.1 with PID 21916 (C:\Users\Livvey\re-exam\target\classes started by Livvey in C:\Users\Livvey\re-exam)
2025-02-15 15:46:55 - No active profile set, falling back to 1 default profile: "default"
2025-02-15 15:46:56 - Tomcat initialized with port 8080 (http)
2025-02-15 15:46:56 - Initializing ProtocolHandler ["http-nio-8080"]
2025-02-15 15:46:56 - Starting service [Tomcat]
2025-02-15 15:46:56 - Starting Servlet engine: [Apache Tomcat/10.1.31]
2025-02-15 15:46:56 - Initializing Spring embedded WebApplicationContext
2025-02-15 15:46:56 - Root WebApplicationContext: initialization completed in 967 ms
2025-02-15 15:46:56 - Starting ProtocolHandler ["http-nio-8080"]
2025-02-15 15:46:56 - Tomcat started on port 8080 (http) with context path '/'
2025-02-15 15:46:56 - Started Main in 1.744 seconds (process running for 5.986)
2025-02-15 15:46:56 - Machine is not in idle. Resetting...
2025-02-15 15:47:07 - Initializing Spring DispatcherServlet 'dispatcherServlet'
2025-02-15 15:47:07 - Initializing Servlet 'dispatcherServlet'
2025-02-15 15:47:07 - Completed initialization in 1 ms
2025-02-15 15:47:58 - Java version: 22.0.1
2025-02-15 15:47:58 - Eclipse Milo OPC UA Stack version: 0.6.15
2025-02-15 15:47:58 - Eclipse Milo OPC UA Client SDK version: 0.6.15
2025-02-15 15:48:00 - SecureRandom seeded in 0ms.
2025-02-15 15:48:00 - Starting Main using Java 22.0.1 with PID 15984 (C:\Users\Livvey\re-exam\target\classes started by Livvey in C:\Users\Livvey\re-exam)
2025-02-15 15:48:00 - No active profile set, falling back to 1 default profile: "default"
2025-02-15 15:48:01 - Tomcat initialized with port 8080 (http)
2025-02-15 15:48:01 - Initializing ProtocolHandler ["http-nio-8080"]
2025-02-15 15:48:01 - Starting service [Tomcat]
2025-02-15 15:48:01 - Starting Servlet engine: [Apache Tomcat/10.1.31]
2025-02-15 15:48:01 - Initializing Spring embedded WebApplicationContext
2025-02-15 15:48:01 - Root WebApplicationContext: initialization completed in 860 ms
2025-02-15 15:48:01 - Starting ProtocolHandler ["http-nio-8080"]
2025-02-15 15:48:01 - Tomcat started on port 8080 (http) with context path '/'
2025-02-15 15:48:01 - Started Main in 1.491 seconds (process running for 4.516)
2025-02-15 15:48:07 - Initializing Spring DispatcherServlet 'dispatcherServlet'
2025-02-15 15:48:07 - Initializing Servlet 'dispatcherServlet'
2025-02-15 15:48:07 - Completed initialization in 2 ms
2025-02-15 15:48:07 - Starting with parameter: batchId=0 productType=2 quantity=20 speed=75
2025-02-15 15:49:16 - Java version: 22.0.1
2025-02-15 15:49:16 - Eclipse Milo OPC UA Stack version: 0.6.15
2025-02-15 15:49:16 - Eclipse Milo OPC UA Client SDK version: 0.6.15
2025-02-15 15:49:18 - SecureRandom seeded in 0ms.
2025-02-15 15:49:18 - Starting Main using Java 22.0.1 with PID 7208 (C:\Users\Livvey\re-exam\target\classes started by Livvey in C:\Users\Livvey\re-exam)
2025-02-15 15:49:18 - No active profile set, falling back to 1 default profile: "default"
2025-02-15 15:49:19 - Tomcat initialized with port 8080 (http)
2025-02-15 15:49:19 - Initializing ProtocolHandler ["http-nio-8080"]
2025-02-15 15:49:19 - Starting service [Tomcat]
2025-02-15 15:49:19 - Starting Servlet engine: [Apache Tomcat/10.1.31]
2025-02-15 15:49:19 - Initializing Spring embedded WebApplicationContext
2025-02-15 15:49:19 - Root WebApplicationContext: initialization completed in 780 ms
2025-02-15 15:49:19 - Starting ProtocolHandler ["http-nio-8080"]
2025-02-15 15:49:19 - Tomcat started on port 8080 (http) with context path '/'
2025-02-15 15:49:19 - Started Main in 1.396 seconds (process running for 4.369)
2025-02-15 15:50:01 - Java version: 22.0.1
2025-02-15 15:50:01 - Eclipse Milo OPC UA Stack version: 0.6.15
2025-02-15 15:50:01 - Eclipse Milo OPC UA Client SDK version: 0.6.15
2025-02-15 15:50:02 - SecureRandom seeded in 0ms.
2025-02-15 15:50:03 - Starting Main using Java 22.0.1 with PID 22516 (C:\Users\Livvey\re-exam\target\classes started by Livvey in C:\Users\Livvey\re-exam)
2025-02-15 15:50:03 - No active profile set, falling back to 1 default profile: "default"
2025-02-15 15:50:03 - Tomcat initialized with port 8080 (http)
2025-02-15 15:50:03 - Initializing ProtocolHandler ["http-nio-8080"]
2025-02-15 15:50:03 - Starting service [Tomcat]
2025-02-15 15:50:03 - Starting Servlet engine: [Apache Tomcat/10.1.31]
2025-02-15 15:50:03 - Initializing Spring embedded WebApplicationContext
2025-02-15 15:50:03 - Root WebApplicationContext: initialization completed in 779 ms
2025-02-15 15:50:04 - Starting ProtocolHandler ["http-nio-8080"]
2025-02-15 15:50:04 - Tomcat started on port 8080 (http) with context path '/'
2025-02-15 15:50:04 - Started Main in 1.406 seconds (process running for 4.396)
2025-02-15 15:50:04 - Starting with parameter: batchId=0 productType=2 quantity=200 speed=120
2025-02-15 15:50:04 - Machine is not in idle. Resetting...
2025-02-15 15:52:42 - Java version: 22.0.1
2025-02-15 15:52:42 - Eclipse Milo OPC UA Stack version: 0.6.15
2025-02-15 15:52:42 - Eclipse Milo OPC UA Client SDK version: 0.6.15
2025-02-15 15:52:44 - SecureRandom seeded in 0ms.
2025-02-15 15:52:44 - Starting Main using Java 22.0.1 with PID 16060 (C:\Users\Livvey\re-exam\target\classes started by Livvey in C:\Users\Livvey\re-exam)
2025-02-15 15:52:44 - No active profile set, falling back to 1 default profile: "default"
2025-02-15 15:52:45 - Tomcat initialized with port 8080 (http)
2025-02-15 15:52:45 - Initializing ProtocolHandler ["http-nio-8080"]
2025-02-15 15:52:45 - Starting service [Tomcat]
2025-02-15 15:52:45 - Starting Servlet engine: [Apache Tomcat/10.1.31]
2025-02-15 15:52:45 - Initializing Spring embedded WebApplicationContext
2025-02-15 15:52:45 - Root WebApplicationContext: initialization completed in 822 ms
2025-02-15 15:52:45 - Starting ProtocolHandler ["http-nio-8080"]
2025-02-15 15:52:45 - Tomcat started on port 8080 (http) with context path '/'
2025-02-15 15:52:45 - Started Main in 1.502 seconds (process running for 4.553)
2025-02-15 15:53:36 - Java version: 22.0.1
2025-02-15 15:53:36 - Eclipse Milo OPC UA Stack version: 0.6.15
2025-02-15 15:53:36 - Eclipse Milo OPC UA Client SDK version: 0.6.15
2025-02-15 15:53:38 - SecureRandom seeded in 0ms.
2025-02-15 15:53:38 - Starting Main using Java 22.0.1 with PID 17852 (C:\Users\Livvey\re-exam\target\classes started by Livvey in C:\Users\Livvey\re-exam)
2025-02-15 15:53:38 - No active profile set, falling back to 1 default profile: "default"
2025-02-15 15:53:39 - Tomcat initialized with port 8080 (http)
2025-02-15 15:53:39 - Initializing ProtocolHandler ["http-nio-8080"]
2025-02-15 15:53:39 - Starting service [Tomcat]
2025-02-15 15:53:39 - Starting Servlet engine: [Apache Tomcat/10.1.31]
2025-02-15 15:53:39 - Initializing Spring embedded WebApplicationContext
2025-02-15 15:53:39 - Root WebApplicationContext: initialization completed in 791 ms
2025-02-15 15:53:39 - Starting ProtocolHandler ["http-nio-8080"]
2025-02-15 15:53:39 - Tomcat started on port 8080 (http) with context path '/'
2025-02-15 15:53:39 - Started Main in 1.437 seconds (process running for 4.551)
2025-02-15 15:53:39 - Machine is not in idle. Resetting...
2025-02-15 15:53:47 - Initializing Spring DispatcherServlet 'dispatcherServlet'
2025-02-15 15:53:47 - Initializing Servlet 'dispatcherServlet'
2025-02-15 15:53:47 - Completed initialization in 1 ms
2025-02-15 15:55:15 - Starting with parameter: batchId=2 productType=2 quantity=30 speed=150
2025-02-15 16:03:34 - Starting Main using Java 22.0.1 with PID 15928 (C:\Users\Livvey\re-exam\target\classes started by Livvey in C:\Users\Livvey\re-exam)
2025-02-15 16:03:34 - No active profile set, falling back to 1 default profile: "default"
2025-02-15 16:03:35 - Tomcat initialized with port 8080 (http)
2025-02-15 16:03:35 - Initializing ProtocolHandler ["http-nio-8080"]
2025-02-15 16:03:35 - Starting service [Tomcat]
2025-02-15 16:03:35 - Starting Servlet engine: [Apache Tomcat/10.1.31]
2025-02-15 16:03:35 - Initializing Spring embedded WebApplicationContext
2025-02-15 16:03:35 - Root WebApplicationContext: initialization completed in 912 ms
2025-02-15 16:03:35 - Exception encountered during context initialization - cancelling refresh attempt: org.springframework.beans.factory.BeanCreationException: Error creating bean with name 'productionController' defined in file [C:\Users\Livvey\re-exam\target\classes\org\example\ProductionController.class]: Failed to instantiate [org.example.ProductionController]: Constructor threw exception
2025-02-15 16:03:35 - Stopping service [Tomcat]
2025-02-15 16:03:35 - 

Error starting ApplicationContext. To display the condition evaluation report re-run your application with 'debug' enabled.
2025-02-15 16:03:35 - Application run failed
org.springframework.beans.factory.BeanCreationException: Error creating bean with name 'productionController' defined in file [C:\Users\Livvey\re-exam\target\classes\org\example\ProductionController.class]: Failed to instantiate [org.example.ProductionController]: Constructor threw exception
	at org.springframework.beans.factory.support.AbstractAutowireCapableBeanFactory.instantiateBean(AbstractAutowireCapableBeanFactory.java:1337)
	at org.springframework.beans.factory.support.AbstractAutowireCapableBeanFactory.createBeanInstance(AbstractAutowireCapableBeanFactory.java:1222)
	at org.springframework.beans.factory.support.AbstractAutowireCapableBeanFactory.doCreateBean(AbstractAutowireCapableBeanFactory.java:562)
	at org.springframework.beans.factory.support.AbstractAutowireCapableBeanFactory.createBean(AbstractAutowireCapableBeanFactory.java:522)
	at org.springframework.beans.factory.support.AbstractBeanFactory.lambda$doGetBean$0(AbstractBeanFactory.java:337)
	at org.springframework.beans.factory.support.DefaultSingletonBeanRegistry.getSingleton(DefaultSingletonBeanRegistry.java:234)
	at org.springframework.beans.factory.support.AbstractBeanFactory.doGetBean(AbstractBeanFactory.java:335)
	at org.springframework.beans.factory.support.AbstractBeanFactory.getBean(AbstractBeanFactory.java:200)
	at org.springframework.beans.factory.support.DefaultListableBeanFactory.preInstantiateSingletons(DefaultListableBeanFactory.java:975)
	at org.springframework.context.support.AbstractApplicationContext.finishBeanFactoryInitialization(AbstractApplicationContext.java:971)
	at org.springframework.context.support.AbstractApplicationContext.refresh(AbstractApplicationContext.java:625)
	at org.springframework.boot.web.servlet.context.ServletWebServerApplicationContext.refresh(ServletWebServerApplicationContext.java:146)
	at org.springframework.boot.SpringApplication.refresh(SpringApplication.java:754)
	at org.springframework.boot.SpringApplication.refreshContext(SpringApplication.java:456)
	at org.springframework.boot.SpringApplication.run(SpringApplication.java:335)
	at org.springframework.boot.SpringApplication.run(SpringApplication.java:1363)
	at org.springframework.boot.SpringApplication.run(SpringApplication.java:1352)
	at org.example.Main.main(Main.java:11)
Caused by: org.springframework.beans.BeanInstantiationException: Failed to instantiate [org.example.ProductionController]: Constructor threw exception
	at org.springframework.beans.BeanUtils.instantiateClass(BeanUtils.java:221)
	at org.springframework.beans.factory.support.SimpleInstantiationStrategy.instantiate(SimpleInstantiationStrategy.java:94)
	at org.springframework.beans.factory.support.AbstractAutowireCapableBeanFactory.instantiateBean(AbstractAutowireCapableBeanFactory.java:1331)
	... 17 common frames omitted
Caused by: java.lang.NullPointerException: Cannot invoke "org.eclipse.milo.opcua.sdk.client.OpcUaClient.connect()" because "this.client" is null
	at org.example.Production.<init>(Production.java:47)
	at org.example.ProductionController.<init>(ProductionController.java:19)
	at java.base/jdk.internal.reflect.DirectConstructorHandleAccessor.newInstance(DirectConstructorHandleAccessor.java:62)
	at java.base/java.lang.reflect.Constructor.newInstanceWithCaller(Constructor.java:502)
	at java.base/java.lang.reflect.Constructor.newInstance(Constructor.java:486)
	at org.springframework.beans.BeanUtils.instantiateClass(BeanUtils.java:195)
	... 19 common frames omitted
2025-02-15 16:03:47 - Java version: 22.0.1
2025-02-15 16:03:47 - Eclipse Milo OPC UA Stack version: 0.6.15
2025-02-15 16:03:47 - Eclipse Milo OPC UA Client SDK version: 0.6.15
2025-02-15 16:03:49 - SecureRandom seeded in 0ms.
2025-02-15 16:03:49 - Starting Main using Java 22.0.1 with PID 25100 (C:\Users\Livvey\re-exam\target\classes started by Livvey in C:\Users\Livvey\re-exam)
2025-02-15 16:03:49 - No active profile set, falling back to 1 default profile: "default"
2025-02-15 16:03:50 - Tomcat initialized with port 8080 (http)
2025-02-15 16:03:50 - Initializing ProtocolHandler ["http-nio-8080"]
2025-02-15 16:03:50 - Starting service [Tomcat]
2025-02-15 16:03:50 - Starting Servlet engine: [Apache Tomcat/10.1.31]
2025-02-15 16:03:50 - Initializing Spring embedded WebApplicationContext
2025-02-15 16:03:50 - Root WebApplicationContext: initialization completed in 837 ms
2025-02-15 16:03:50 - Starting ProtocolHandler ["http-nio-8080"]
2025-02-15 16:03:50 - Tomcat started on port 8080 (http) with context path '/'
2025-02-15 16:03:50 - Started Main in 1.505 seconds (process running for 5.154)
2025-02-15 16:03:50 - Machine is not in idle. Resetting...
2025-02-15 16:04:07 - Initializing Spring DispatcherServlet 'dispatcherServlet'
2025-02-15 16:04:07 - Initializing Servlet 'dispatcherServlet'
2025-02-15 16:04:07 - Completed initialization in 1 ms
2025-02-15 16:04:07 - Starting with parameter: batchId=120 productType=2 quantity=30 speed=150
2025-02-15 16:04:58 - Java version: 22.0.1
2025-02-15 16:04:58 - Eclipse Milo OPC UA Stack version: 0.6.15
2025-02-15 16:04:58 - Eclipse Milo OPC UA Client SDK version: 0.6.15
2025-02-15 16:05:00 - SecureRandom seeded in 0ms.
2025-02-15 16:05:00 - Starting Main using Java 22.0.1 with PID 8516 (C:\Users\Livvey\re-exam\target\classes started by Livvey in C:\Users\Livvey\re-exam)
2025-02-15 16:05:00 - No active profile set, falling back to 1 default profile: "default"
2025-02-15 16:05:01 - Tomcat initialized with port 8080 (http)
2025-02-15 16:05:01 - Initializing ProtocolHandler ["http-nio-8080"]
2025-02-15 16:05:01 - Starting service [Tomcat]
2025-02-15 16:05:01 - Starting Servlet engine: [Apache Tomcat/10.1.31]
2025-02-15 16:05:01 - Initializing Spring embedded WebApplicationContext
2025-02-15 16:05:01 - Root WebApplicationContext: initialization completed in 838 ms
2025-02-15 16:05:01 - Starting ProtocolHandler ["http-nio-8080"]
2025-02-15 16:05:01 - Tomcat started on port 8080 (http) with context path '/'
2025-02-15 16:05:02 - Started Main in 1.504 seconds (process running for 4.921)
2025-02-15 16:05:02 - Machine is not in idle. Resetting...
2025-02-15 16:05:06 - Initializing Spring DispatcherServlet 'dispatcherServlet'
2025-02-15 16:05:06 - Initializing Servlet 'dispatcherServlet'
2025-02-15 16:05:06 - Completed initialization in 1 ms
2025-02-15 16:05:07 - Starting with parameter: batchId=120 productType=2 quantity=30 speed=150
2025-02-15 16:05:47 - Java version: 22.0.1
2025-02-15 16:05:47 - Eclipse Milo OPC UA Stack version: 0.6.15
2025-02-15 16:05:47 - Eclipse Milo OPC UA Client SDK version: 0.6.15
2025-02-15 16:05:48 - SecureRandom seeded in 0ms.
2025-02-15 16:05:49 - Starting Main using Java 22.0.1 with PID 16196 (C:\Users\Livvey\re-exam\target\classes started by Livvey in C:\Users\Livvey\re-exam)
2025-02-15 16:05:49 - No active profile set, falling back to 1 default profile: "default"
2025-02-15 16:05:49 - Tomcat initialized with port 8080 (http)
2025-02-15 16:05:49 - Initializing ProtocolHandler ["http-nio-8080"]
2025-02-15 16:05:49 - Starting service [Tomcat]
2025-02-15 16:05:49 - Starting Servlet engine: [Apache Tomcat/10.1.31]
2025-02-15 16:05:50 - Initializing Spring embedded WebApplicationContext
2025-02-15 16:05:50 - Root WebApplicationContext: initialization completed in 869 ms
2025-02-15 16:05:50 - Starting ProtocolHandler ["http-nio-8080"]
2025-02-15 16:05:50 - Tomcat started on port 8080 (http) with context path '/'
2025-02-15 16:05:50 - Started Main in 1.513 seconds (process running for 4.529)
2025-02-15 16:05:50 - Machine is not in idle. Resetting...
2025-02-15 16:05:59 - Initializing Spring DispatcherServlet 'dispatcherServlet'
2025-02-15 16:05:59 - Initializing Servlet 'dispatcherServlet'
2025-02-15 16:05:59 - Completed initialization in 1 ms
2025-02-15 16:05:59 - Starting with parameter: batchId=121 productType=2 quantity=30 speed=150
2025-02-15 16:07:26 - Java version: 22.0.1
2025-02-15 16:07:26 - Eclipse Milo OPC UA Stack version: 0.6.15
2025-02-15 16:07:26 - Eclipse Milo OPC UA Client SDK version: 0.6.15
2025-02-15 16:07:27 - SecureRandom seeded in 0ms.
2025-02-15 16:07:28 - Starting Main using Java 22.0.1 with PID 15448 (C:\Users\Livvey\re-exam\target\classes started by Livvey in C:\Users\Livvey\re-exam)
2025-02-15 16:07:28 - No active profile set, falling back to 1 default profile: "default"
2025-02-15 16:07:29 - Tomcat initialized with port 8080 (http)
2025-02-15 16:07:29 - Initializing ProtocolHandler ["http-nio-8080"]
2025-02-15 16:07:29 - Starting service [Tomcat]
2025-02-15 16:07:29 - Starting Servlet engine: [Apache Tomcat/10.1.31]
2025-02-15 16:07:29 - Initializing Spring embedded WebApplicationContext
2025-02-15 16:07:29 - Root WebApplicationContext: initialization completed in 846 ms
2025-02-15 16:07:29 - Starting ProtocolHandler ["http-nio-8080"]
2025-02-15 16:07:29 - Tomcat started on port 8080 (http) with context path '/'
2025-02-15 16:07:29 - Started Main in 1.543 seconds (process running for 4.657)
2025-02-15 16:07:29 - Starting with parameter: batchId=24 productType=2 quantity=50 speed=120
2025-02-15 16:07:29 - Machine is not in idle. Resetting...
2025-02-15 16:08:00 - Initializing Spring DispatcherServlet 'dispatcherServlet'
2025-02-15 16:08:00 - Initializing Servlet 'dispatcherServlet'
2025-02-15 16:08:00 - Completed initialization in 1 ms
2025-02-15 16:09:38 - Java version: 22.0.1
2025-02-15 16:09:38 - Eclipse Milo OPC UA Stack version: 0.6.15
2025-02-15 16:09:38 - Eclipse Milo OPC UA Client SDK version: 0.6.15
2025-02-15 16:09:39 - SecureRandom seeded in 0ms.
2025-02-15 16:09:40 - Starting Main using Java 22.0.1 with PID 14220 (C:\Users\Livvey\re-exam\target\classes started by Livvey in C:\Users\Livvey\re-exam)
2025-02-15 16:09:40 - No active profile set, falling back to 1 default profile: "default"
2025-02-15 16:09:40 - Tomcat initialized with port 8080 (http)
2025-02-15 16:09:40 - Initializing ProtocolHandler ["http-nio-8080"]
2025-02-15 16:09:40 - Starting service [Tomcat]
2025-02-15 16:09:40 - Starting Servlet engine: [Apache Tomcat/10.1.31]
2025-02-15 16:09:40 - Initializing Spring embedded WebApplicationContext
2025-02-15 16:09:40 - Root WebApplicationContext: initialization completed in 827 ms
2025-02-15 16:09:41 - Starting ProtocolHandler ["http-nio-8080"]
2025-02-15 16:09:41 - Tomcat started on port 8080 (http) with context path '/'
2025-02-15 16:09:41 - Started Main in 1.464 seconds (process running for 4.586)
2025-02-15 16:09:41 - Starting with parameter: batchId=25 productType=2 quantity=50 speed=120
2025-02-15 16:09:41 - Machine is not in idle. Resetting...
2025-02-15 16:10:29 - Java version: 22.0.1
2025-02-15 16:10:29 - Eclipse Milo OPC UA Stack version: 0.6.15
2025-02-15 16:10:29 - Eclipse Milo OPC UA Client SDK version: 0.6.15
2025-02-15 16:10:30 - SecureRandom seeded in 0ms.
2025-02-15 16:10:30 - Starting Main using Java 22.0.1 with PID 7080 (C:\Users\Livvey\re-exam\target\classes started by Livvey in C:\Users\Livvey\re-exam)
2025-02-15 16:10:30 - No active profile set, falling back to 1 default profile: "default"
2025-02-15 16:10:31 - Tomcat initialized with port 8080 (http)
2025-02-15 16:10:31 - Initializing ProtocolHandler ["http-nio-8080"]
2025-02-15 16:10:31 - Starting service [Tomcat]
2025-02-15 16:10:31 - Starting Servlet engine: [Apache Tomcat/10.1.31]
2025-02-15 16:10:31 - Initializing Spring embedded WebApplicationContext
2025-02-15 16:10:31 - Root WebApplicationContext: initialization completed in 829 ms
2025-02-15 16:10:32 - Starting ProtocolHandler ["http-nio-8080"]
2025-02-15 16:10:32 - Tomcat started on port 8080 (http) with context path '/'
2025-02-15 16:10:32 - Started Main in 1.47 seconds (process running for 4.409)
2025-02-15 16:10:32 - Machine is not in idle. Resetting...
2025-02-15 16:10:32 - Starting with parameter: batchId=25 productType=2 quantity=50 speed=120
2025-02-15 16:16:46 - Java version: 22.0.1
2025-02-15 16:16:46 - Eclipse Milo OPC UA Stack version: 0.6.15
2025-02-15 16:16:46 - Eclipse Milo OPC UA Client SDK version: 0.6.15
2025-02-15 16:16:48 - SecureRandom seeded in 0ms.
2025-02-15 16:16:48 - Starting Main using Java 22.0.1 with PID 19640 (C:\Users\Livvey\re-exam\target\classes started by Livvey in C:\Users\Livvey\re-exam)
2025-02-15 16:16:48 - No active profile set, falling back to 1 default profile: "default"
2025-02-15 16:16:49 - Tomcat initialized with port 8080 (http)
2025-02-15 16:16:49 - Initializing ProtocolHandler ["http-nio-8080"]
2025-02-15 16:16:49 - Starting service [Tomcat]
2025-02-15 16:16:49 - Starting Servlet engine: [Apache Tomcat/10.1.31]
2025-02-15 16:16:49 - Initializing Spring embedded WebApplicationContext
2025-02-15 16:16:49 - Root WebApplicationContext: initialization completed in 882 ms
2025-02-15 16:16:49 - Starting ProtocolHandler ["http-nio-8080"]
2025-02-15 16:16:49 - Tomcat started on port 8080 (http) with context path '/'
2025-02-15 16:16:49 - Started Main in 1.569 seconds (process running for 4.655)
2025-02-15 16:16:49 - Machine is not in idle. Resetting...
2025-02-15 16:16:49 - Starting with parameter: batchId=299 productType=1 quantity=50 speed=250
2025-02-15 16:19:44 - Java version: 22.0.1
2025-02-15 16:19:44 - Eclipse Milo OPC UA Stack version: 0.6.15
2025-02-15 16:19:44 - Eclipse Milo OPC UA Client SDK version: 0.6.15
2025-02-15 16:19:45 - SecureRandom seeded in 0ms.
2025-02-15 16:19:45 - Starting Main using Java 22.0.1 with PID 4676 (C:\Users\Livvey\re-exam\target\classes started by Livvey in C:\Users\Livvey\re-exam)
2025-02-15 16:19:45 - No active profile set, falling back to 1 default profile: "default"
2025-02-15 16:19:46 - Tomcat initialized with port 8080 (http)
2025-02-15 16:19:46 - Initializing ProtocolHandler ["http-nio-8080"]
2025-02-15 16:19:46 - Starting service [Tomcat]
2025-02-15 16:19:46 - Starting Servlet engine: [Apache Tomcat/10.1.31]
2025-02-15 16:19:46 - Initializing Spring embedded WebApplicationContext
2025-02-15 16:19:46 - Root WebApplicationContext: initialization completed in 799 ms
2025-02-15 16:19:47 - Starting ProtocolHandler ["http-nio-8080"]
2025-02-15 16:19:47 - Tomcat started on port 8080 (http) with context path '/'
2025-02-15 16:19:47 - Started Main in 1.429 seconds (process running for 4.446)
2025-02-15 16:20:14 - Java version: 22.0.1
2025-02-15 16:20:14 - Eclipse Milo OPC UA Stack version: 0.6.15
2025-02-15 16:20:14 - Eclipse Milo OPC UA Client SDK version: 0.6.15
2025-02-15 16:20:16 - SecureRandom seeded in 0ms.
2025-02-15 16:20:16 - Starting Main using Java 22.0.1 with PID 14248 (C:\Users\Livvey\re-exam\target\classes started by Livvey in C:\Users\Livvey\re-exam)
2025-02-15 16:20:16 - No active profile set, falling back to 1 default profile: "default"
2025-02-15 16:20:17 - Tomcat initialized with port 8080 (http)
2025-02-15 16:20:17 - Initializing ProtocolHandler ["http-nio-8080"]
2025-02-15 16:20:17 - Starting service [Tomcat]
2025-02-15 16:20:17 - Starting Servlet engine: [Apache Tomcat/10.1.31]
2025-02-15 16:20:17 - Initializing Spring embedded WebApplicationContext
2025-02-15 16:20:17 - Root WebApplicationContext: initialization completed in 781 ms
2025-02-15 16:20:17 - Starting ProtocolHandler ["http-nio-8080"]
2025-02-15 16:20:17 - Tomcat started on port 8080 (http) with context path '/'
2025-02-15 16:20:17 - Started Main in 1.429 seconds (process running for 4.443)
2025-02-15 16:20:17 - Machine is not in idle. Resetting...
2025-02-15 16:20:48 - Java version: 22.0.1
2025-02-15 16:20:48 - Eclipse Milo OPC UA Stack version: 0.6.15
2025-02-15 16:20:48 - Eclipse Milo OPC UA Client SDK version: 0.6.15
2025-02-15 16:20:49 - SecureRandom seeded in 0ms.
2025-02-15 16:20:49 - Starting Main using Java 22.0.1 with PID 22868 (C:\Users\Livvey\re-exam\target\classes started by Livvey in C:\Users\Livvey\re-exam)
2025-02-15 16:20:49 - No active profile set, falling back to 1 default profile: "default"
2025-02-15 16:20:50 - Tomcat initialized with port 8080 (http)
2025-02-15 16:20:50 - Initializing ProtocolHandler ["http-nio-8080"]
2025-02-15 16:20:50 - Starting service [Tomcat]
2025-02-15 16:20:50 - Starting Servlet engine: [Apache Tomcat/10.1.31]
2025-02-15 16:20:50 - Initializing Spring embedded WebApplicationContext
2025-02-15 16:20:50 - Root WebApplicationContext: initialization completed in 771 ms
2025-02-15 16:20:50 - Starting ProtocolHandler ["http-nio-8080"]
2025-02-15 16:20:50 - Tomcat started on port 8080 (http) with context path '/'
2025-02-15 16:20:50 - Started Main in 1.383 seconds (process running for 4.465)
2025-02-15 16:20:51 - Machine is not in idle. Resetting...
2025-02-15 16:20:51 - Starting with parameter: batchId=298 productType=1 quantity=25 speed=250
2025-02-15 16:21:57 - Java version: 22.0.1
2025-02-15 16:21:57 - Eclipse Milo OPC UA Stack version: 0.6.15
2025-02-15 16:21:57 - Eclipse Milo OPC UA Client SDK version: 0.6.15
2025-02-15 16:21:58 - SecureRandom seeded in 0ms.
2025-02-15 16:21:58 - Starting Main using Java 22.0.1 with PID 8036 (C:\Users\Livvey\re-exam\target\classes started by Livvey in C:\Users\Livvey\re-exam)
2025-02-15 16:21:58 - No active profile set, falling back to 1 default profile: "default"
2025-02-15 16:21:59 - Tomcat initialized with port 8080 (http)
2025-02-15 16:21:59 - Initializing ProtocolHandler ["http-nio-8080"]
2025-02-15 16:21:59 - Starting service [Tomcat]
2025-02-15 16:21:59 - Starting Servlet engine: [Apache Tomcat/10.1.31]
2025-02-15 16:21:59 - Initializing Spring embedded WebApplicationContext
2025-02-15 16:21:59 - Root WebApplicationContext: initialization completed in 793 ms
2025-02-15 16:22:00 - Starting ProtocolHandler ["http-nio-8080"]
2025-02-15 16:22:00 - Tomcat started on port 8080 (http) with context path '/'
2025-02-15 16:22:00 - Started Main in 1.443 seconds (process running for 4.61)
2025-02-15 16:22:00 - Machine is not in idle. Resetting...
2025-02-15 16:22:00 - Starting with parameter: batchId=298 productType=1 quantity=25 speed=250
2025-02-15 16:23:08 - Java version: 22.0.1
2025-02-15 16:23:08 - Eclipse Milo OPC UA Stack version: 0.6.15
2025-02-15 16:23:08 - Eclipse Milo OPC UA Client SDK version: 0.6.15
2025-02-15 16:23:10 - SecureRandom seeded in 0ms.
2025-02-15 16:23:10 - Starting Main using Java 22.0.1 with PID 4448 (C:\Users\Livvey\re-exam\target\classes started by Livvey in C:\Users\Livvey\re-exam)
2025-02-15 16:23:10 - No active profile set, falling back to 1 default profile: "default"
2025-02-15 16:23:11 - Tomcat initialized with port 8080 (http)
2025-02-15 16:23:11 - Initializing ProtocolHandler ["http-nio-8080"]
2025-02-15 16:23:11 - Starting service [Tomcat]
2025-02-15 16:23:11 - Starting Servlet engine: [Apache Tomcat/10.1.31]
2025-02-15 16:23:11 - Initializing Spring embedded WebApplicationContext
2025-02-15 16:23:11 - Root WebApplicationContext: initialization completed in 825 ms
2025-02-15 16:23:11 - Starting ProtocolHandler ["http-nio-8080"]
2025-02-15 16:23:11 - Tomcat started on port 8080 (http) with context path '/'
2025-02-15 16:23:11 - Started Main in 1.494 seconds (process running for 4.619)
2025-02-15 16:23:31 - Java version: 22.0.1
2025-02-15 16:23:31 - Eclipse Milo OPC UA Stack version: 0.6.15
2025-02-15 16:23:31 - Eclipse Milo OPC UA Client SDK version: 0.6.15
2025-02-15 16:23:32 - SecureRandom seeded in 0ms.
2025-02-15 16:23:33 - Starting Main using Java 22.0.1 with PID 1872 (C:\Users\Livvey\re-exam\target\classes started by Livvey in C:\Users\Livvey\re-exam)
2025-02-15 16:23:33 - No active profile set, falling back to 1 default profile: "default"
2025-02-15 16:23:33 - Tomcat initialized with port 8080 (http)
2025-02-15 16:23:33 - Initializing ProtocolHandler ["http-nio-8080"]
2025-02-15 16:23:33 - Starting service [Tomcat]
2025-02-15 16:23:33 - Starting Servlet engine: [Apache Tomcat/10.1.31]
2025-02-15 16:23:33 - Initializing Spring embedded WebApplicationContext
2025-02-15 16:23:33 - Root WebApplicationContext: initialization completed in 812 ms
2025-02-15 16:23:34 - Starting ProtocolHandler ["http-nio-8080"]
2025-02-15 16:23:34 - Tomcat started on port 8080 (http) with context path '/'
2025-02-15 16:23:34 - Started Main in 1.457 seconds (process running for 4.4)
2025-02-15 16:23:34 - Machine is not in idle. Resetting...
2025-02-15 16:24:54 - Java version: 22.0.1
2025-02-15 16:24:54 - Eclipse Milo OPC UA Stack version: 0.6.15
2025-02-15 16:24:54 - Eclipse Milo OPC UA Client SDK version: 0.6.15
2025-02-15 16:24:55 - SecureRandom seeded in 0ms.
2025-02-15 16:24:56 - Starting Main using Java 22.0.1 with PID 12532 (C:\Users\Livvey\re-exam\target\classes started by Livvey in C:\Users\Livvey\re-exam)
2025-02-15 16:24:56 - No active profile set, falling back to 1 default profile: "default"
2025-02-15 16:24:56 - Tomcat initialized with port 8080 (http)
2025-02-15 16:24:56 - Initializing ProtocolHandler ["http-nio-8080"]
2025-02-15 16:24:56 - Starting service [Tomcat]
2025-02-15 16:24:56 - Starting Servlet engine: [Apache Tomcat/10.1.31]
2025-02-15 16:24:56 - Initializing Spring embedded WebApplicationContext
2025-02-15 16:24:56 - Root WebApplicationContext: initialization completed in 816 ms
2025-02-15 16:24:57 - Starting ProtocolHandler ["http-nio-8080"]
2025-02-15 16:24:57 - Tomcat started on port 8080 (http) with context path '/'
2025-02-15 16:24:57 - Started Main in 1.443 seconds (process running for 4.49)
2025-02-15 16:24:57 - Machine is not in idle. Resetting...
2025-02-15 16:24:57 - Starting with parameter: batchId=296 productType=1 quantity=25 speed=250
